********************************************************************************
DUPLICATOR-LITE PACKAGE-LOG: 7 April 2020 21 h 03 min
NOTICE: Do NOT post to public sites or forums 
********************************************************************************
VERSION:	1.3.28
WORDPRESS:	5.3.2
PHP INFO:	7.1.33 | SAPI: apache2handler
SERVER:		Apache/2.4.41 (Win64) OpenSSL/1.0.2s PHP/7.1.33 
PHP TIME LIMIT: (0) no time limit imposed 
PHP MAX MEMORY: 4294967296 (512M default) 
MEMORY STACK: 14MB

********************************************************************************
DATABASE:
********************************************************************************
BUILD MODE:   MYSQLDUMP
MYSQLTIMEOUT: 5000
MYSQLDUMP:    Is Supported
SQL CREATED: yeswecange_cdd9b7b49509628b5030_20200407210205_database.sql
SQL FILE SIZE: 7.19MB (7542003)
SQL FILE TIME: 2020-04-07 21:04:23
SQL RUNTIME: 24.71 sec.

********************************************************************************
ARCHIVE (ZIP):
********************************************************************************
ARCHIVE DIR:  C:/xampp64/htdocs/yeswecange
ARCHIVE FILE: yeswecange_cdd9b7b49509628b5030_20200407210205_archive.zip
FILTERS: *ON*
DIRS:
	C:/xampp64/htdocs/yeswecange
	C:/xampp64/htdocs/yeswecange/wp-content/cache
	C:/xampp64/htdocs/yeswecange/wp-content/uploads
FILES:
	not set
EXTS:  not set
----------------------------------------
COMPRESSING
SIZE:	0B
STATS:	Dirs 0 | Files 0
SQL ADDED: yeswecange_cdd9b7b49509628b5030_20200407210205_database.sql
ZipArchive Object
(
    [status] => 0
    [statusSys] => 0
    [numFiles] => 1
    [filename] => C:\xampp64\htdocs\yeswecange\wp-snapshots\tmp\yeswecange_cdd9b7b49509628b5030_20200407210205_archive.zip
    [comment] => 
)

FILE ADDED TO ZIP: 0
COMPRESSION RESULT: '1'
COMPRESSED SIZE: 425.01KB
ARCHIVE RUNTIME: 0.51 sec.
MEMORY STACK: 14MB
building installer
add_extra_files1
add_extra_files2
add_extra_files3
add_extra_files4
Doing archive file check
add_extra_files5
add_extra_files6
add_extra_files8
Successfully opened zip C:/xampp64/htdocs/yeswecange/wp-snapshots/tmp/yeswecange_cdd9b7b49509628b5030_20200407210205_archive.zip
Adding enhanced installer files to archive using ZipArchive
Installer files added to archive
Added to archive
After ziparchive close when adding installer

********************************************************************************
INTEGRITY CHECKS:
********************************************************************************
SQL FILE: 7.19MB
INSTALLER FILE: 60.52KB
ARCHIVE FILE: 1.72MB 
COMPTE ATTENDU DE FICHIERS/RÉPERTOIRES : 0
COMPTE ACTUEL DE FICHIERS/RÉPERTOIRES : 0
TEST DE COHÉRENCE D’ARCHIVE : Bon

********************************************************************************
RECORD ID:[2]
TOTAL PROCESS RUNTIME: 35.61 sec.
PEAK PHP MEMORY USED: 18MB
DONE PROCESSING => yeswecange 7 April 2020 21 h 04 min

